<?xml version="1.0" encoding="UTF-8"?>
<testsuite xmlns:xsi="http://www.w3.org/2001/XMLSchema-instance" xsi:noNamespaceSchemaLocation="https://maven.apache.org/surefire/maven-surefire-plugin/xsd/surefire-test-report.xsd" name="com.nnk.springboot.services.BidListServiceTest" time="0.115" tests="7" errors="0" skipped="0" failures="0">
  <properties>
[...]
</properties>
  <testcase name="getBidListByIdTest_whenBidListNotExist_thenThrowBidListNotFoundException" classname="com.nnk.springboot.services.BidListServiceTest" time="0.087"/>
  <testcase name="updateBidListTest_whenBidListExist_thenReturnBidListUpdated" classname="com.nnk.springboot.services.BidListServiceTest" time="0.01"/>
  <testcase name="getBidListsTest_whenListOfBidContainThreeElements_thenReturnSizeIsGreaterThanZero" classname="com.nnk.springboot.services.BidListServiceTest" time="0.005"/>
  <testcase name="addBidListTest_whenBidListNotRecordedInDb_thenReturnBidListAdded" classname="com.nnk.springboot.services.BidListServiceTest" time="0.003"/>
  <testcase name="updateBidListTest_whenBidListNotExist_thenThrowBidListNotFoundException" classname="com.nnk.springboot.services.BidListServiceTest" time="0.002"/>
  <testcase name="getBidListByIdTest_whenBidListExist_thenReturnBidList" classname="com.nnk.springboot.services.BidListServiceTest" time="0.002"/>
  <testcase name="deleteBidListTest_whenBidListExist_ThenReturnMessageBideListDeleted" classname="com.nnk.springboot.services.BidListServiceTest" time="0.004"/>
</testsuite>